[17:50:47] [EnvServerSocketHandler/INFO]: [STDOUT]: Received from localhost:<MissionInit xmlns="http://ProjectMalmo.microsoft.com" xmlns:xsi="http://www.w3.org/2001/XMLSchema-instance" SchemaVersion="" PlatformVersion="0.37.0"><Mission><About><Summary>MineRLObtainDiamond-v0</Summary></About><ModSettings><MsPerTick>50</MsPerTick></ModSettings><ServerSection><ServerInitialConditions><Time><StartTime>6000</StartTime><AllowPassageOfTime>true</AllowPassageOfTime></Time><AllowSpawning>true</AllowSpawning></ServerInitialConditions><ServerHandlers><DefaultWorldGenerator forceReset="true" generatorOptions="{}"/><ServerQuitFromTimeUp timeLimitMs="900000" description="out_of_time"/><ServerQuitWhenAnyAgentFinishes/></ServerHandlers></ServerSection><AgentSection mode="Survival"><Name>MineRLAgent0</Name><AgentStart/><AgentHandlers><FileBasedPerformanceProducer/><ObservationFromDamage/><PauseCommand/><VideoProducer want_depth="false"><Width>64</Width><Height>64</Height></VideoProducer><ObservationFromFullInventory flat="false"/><ObservationFromEquippedItem/><HumanLevelCommands/><CameraCommands/><PlaceCommands/><EquipCommands/><SimpleCraftCommands/><NearbyCraftCommands/><NearbySmeltCommands/><RewardForPossessingItem sparse="true" excludeLoops="true"><Item amount="1" reward="1" type="log"/><Item amount="1" reward="2" type="planks"/><Item amount="1" reward="4" type="stick"/><Item amount="1" reward="4" type="crafting_table"/><Item amount="1" reward="8" type="wooden_pickaxe"/><Item amount="1" reward="16" type="cobblestone"/><Item amount="1" reward="32" type="furnace"/><Item amount="1" reward="32" type="stone_pickaxe"/><Item amount="1" reward="64" type="iron_ore"/><Item amount="1" reward="128" type="iron_ingot"/><Item amount="1" reward="256" type="iron_pickaxe"/><Item amount="1" reward="1024" type="diamond"/></RewardForPossessingItem><AgentQuitFromPossessingItem><Item type="diamond" amount="1"/></AgentQuitFromPossessingItem></AgentHandlers></AgentSection></Mission><ExperimentUID>68e6c4da-5f3e-42ba-87a9-2f0630f3df53</ExperimentUID><ClientRole>0</ClientRole><ClientAgentConnection><ClientIPAddress>127.0.0.1</ClientIPAddress><ClientMissionControlPort>0</ClientMissionControlPort><ClientCommandsPort>0</ClientCommandsPort><AgentIPAddress>127.0.0.1</AgentIPAddress><AgentMissionControlPort>0</AgentMissionControlPort><AgentVideoPort>0</AgentVideoPort><AgentDepthPort>0</AgentDepthPort><AgentLuminancePort>0</AgentLuminancePort><AgentObservationsPort>0</AgentObservationsPort><AgentRewardsPort>0</AgentRewardsPort><AgentColourMapPort>0</AgentColourMapPort></ClientAgentConnection></MissionInit>
[17:50:48] [EnvServerSocketHandler/INFO]: [STDOUT]: REPLYING WITH: MALMOOK
[17:50:48] [Client thread/INFO]: [STDOUT]: Mission received: MineRLObtainDiamond-v0
[17:50:48] [Client thread/INFO]: [STDOUT]: CLIENT request state: CREATING_HANDLERS
[17:50:48] [Client thread/INFO]: [STDOUT]: CLIENT enter state: CREATING_HANDLERS
[17:50:48] [Client thread/INFO]: [STDOUT]: Starting command server.
[17:50:48] [Thread-11/INFO]: [STDOUT]: INFO: ->com(0) Listening for messages on port 10292
[17:50:48] [Client thread/INFO]: [STDOUT]: CLIENT request state: EVALUATING_WORLD_REQUIREMENTS
[17:50:48] [Client thread/INFO]: [STDOUT]: CLIENT enter state: EVALUATING_WORLD_REQUIREMENTS
[17:50:48] [Client thread/INFO]: [STDOUT]: CLIENT request state: CREATING_NEW_WORLD
[17:50:48] [Client thread/INFO]: [STDOUT]: CLIENT enter state: CREATING_NEW_WORLD
[17:50:48] [Client thread/INFO]: [STDOUT]: [LOGTOPY] GENERATOR OPTIONS = {}
[17:50:48] [Server thread/INFO]: Starting integrated minecraft server version 1.11.2
[17:50:48] [Server thread/INFO]: Generating keypair
[17:50:48] [Realms Notification Availability checker #1/INFO]: Could not authorize you against Realms server: Invalid session id
[17:50:48] [Server thread/INFO]: Injecting existing block and item data into this server instance
[17:50:48] [Server thread/INFO]: Applying holder lookups
[17:50:48] [Server thread/INFO]: Holder lookups applied
[17:50:49] [Server thread/INFO]: Loading dimension 0 (TEMP_0_b6f80f3e-91df-4234-97f9-a64721f09a92) (net.minecraft.server.integrated.IntegratedServer@5194803f)
[17:50:49] [Server thread/INFO]: Loading dimension 1 (TEMP_0_b6f80f3e-91df-4234-97f9-a64721f09a92) (net.minecraft.server.integrated.IntegratedServer@5194803f)
[17:50:49] [Server thread/INFO]: Loading dimension -1 (TEMP_0_b6f80f3e-91df-4234-97f9-a64721f09a92) (net.minecraft.server.integrated.IntegratedServer@5194803f)
[17:50:49] [Server thread/INFO]: Preparing start region for level 0
[17:50:50] [Server thread/INFO]: Preparing spawn area: 11%
[17:50:51] [Server thread/INFO]: Preparing spawn area: 24%
[17:50:52] [Server thread/INFO]: Preparing spawn area: 38%
